[debug] [2022-12-27T10:11:57.729Z] ----------------------------------------------------------------------
[debug] [2022-12-27T10:11:57.731Z] Command:       C:\Program Files\nodejs\node.exe C:\Users\Szabi\AppData\Roaming\npm\node_modules\firebase-tools\lib\bin\firebase.js init
[debug] [2022-12-27T10:11:57.731Z] CLI Version:   11.18.0
[debug] [2022-12-27T10:11:57.732Z] Platform:      win32
[debug] [2022-12-27T10:11:57.732Z] Node Version:  v18.12.0
[debug] [2022-12-27T10:11:57.732Z] Time:          Tue Dec 27 2022 12:11:57 GMT+0200 (kelet-európai téli idő)
[debug] [2022-12-27T10:11:57.733Z] ----------------------------------------------------------------------
[debug] 
[debug] [2022-12-27T10:11:57.736Z] >>> [apiv2][query] GET https://firebase-public.firebaseio.com/cli.json [none]
[debug] [2022-12-27T10:11:57.834Z] > command requires scopes: ["email","openid","https://www.googleapis.com/auth/cloudplatformprojects.readonly","https://www.googleapis.com/auth/firebase","https://www.googleapis.com/auth/cloud-platform"]
[debug] [2022-12-27T10:11:57.834Z] > authorizing via signed-in user (n.sznagy@gmail.com)
[info] 
     ######## #### ########  ######## ########     ###     ######  ########
     ##        ##  ##     ## ##       ##     ##  ##   ##  ##       ##
     ######    ##  ########  ######   ########  #########  ######  ######
     ##        ##  ##    ##  ##       ##     ## ##     ##       ## ##
     ##       #### ##     ## ######## ########  ##     ##  ######  ########

You're about to initialize a Firebase project in this directory:

  F:\Programming_practice\HTML_CSS_Javascript\Driving_card\driving_license

Before we get started, keep in mind:

  * You are initializing within an existing Firebase project directory

[debug] [2022-12-27T10:11:58.343Z] <<< [apiv2][status] GET https://firebase-public.firebaseio.com/cli.json 200
[debug] [2022-12-27T10:11:58.343Z] <<< [apiv2][body] GET https://firebase-public.firebaseio.com/cli.json {"cloudBuildErrorAfter":1594252800000,"cloudBuildWarnAfter":1590019200000,"defaultNode10After":1594252800000,"minVersion":"3.0.5","node8DeploysDisabledAfter":1613390400000,"node8RuntimeDisabledAfter":1615809600000,"node8WarnAfter":1600128000000}
